<?xml version="1.0" encoding="UTF-8"?>
<testsuite xmlns:xsi="http://www.w3.org/2001/XMLSchema-instance" xsi:noNamespaceSchemaLocation="https://maven.apache.org/surefire/maven-surefire-plugin/xsd/surefire-test-report-3.0.xsd" version="3.0" name="edu.westga.shoppinglist.ShoppingListControllerTest" time="16.177" tests="8" errors="0" skipped="0" failures="0">
  <properties>
[...]
</properties>
  <testcase name="testGetItemName" classname="edu.westga.shoppinglist.ShoppingListControllerTest" time="1.719">
    <system-err><![CDATA[Apr 11, 2024 11:15:39 AM com.sun.javafx.application.PlatformImpl startup
WARNING: Unsupported JavaFX configuration: classes were loaded from 'unnamed module @17c386de'
]]></system-err>
  </testcase>
  <testcase name="testUpdateItemQuantityWithoutItemSelected" classname="edu.westga.shoppinglist.ShoppingListControllerTest" time="1.512"/>
  <testcase name="testAddItemToListWithEmptyName" classname="edu.westga.shoppinglist.ShoppingListControllerTest" time="1.118"/>
  <testcase name="testRemoveItemFromListWithItemSelected" classname="edu.westga.shoppinglist.ShoppingListControllerTest" time="2.644"/>
  <testcase name="testRemoveItemFromListWithoutItemSelected" classname="edu.westga.shoppinglist.ShoppingListControllerTest" time="0.54"/>
  <testcase name="testUpdateItemQuantityWithItemSelected" classname="edu.westga.shoppinglist.ShoppingListControllerTest" time="3.208"/>
  <testcase name="testAddItemToListWithNonEmptyName" classname="edu.westga.shoppinglist.ShoppingListControllerTest" time="1.419"/>
  <testcase name="testUpdateItemQuantityWithInvalidQuantity" classname="edu.westga.shoppinglist.ShoppingListControllerTest" time="3.164"/>
</testsuite>